<?xml version="1.0" encoding="UTF-8"?>
<testsuite name="com.mcclain.service.SecretSantaServiceTest" tests="13" skipped="0" failures="0" errors="0" timestamp="2015-10-18T21:48:59" hostname="AdamAndLauren" time="0.327">
  <properties/>
  <testcase name="testFilterReceiverFalse1" classname="com.mcclain.service.SecretSantaServiceTest" time="0.248"/>
  <testcase name="testFilterReceiverFalse2" classname="com.mcclain.service.SecretSantaServiceTest" time="0.003"/>
  <testcase name="testGenerateReceiverComplex" classname="com.mcclain.service.SecretSantaServiceTest" time="0.011"/>
  <testcase name="testGenerateReceiverComplex2" classname="com.mcclain.service.SecretSantaServiceTest" time="0.003"/>
  <testcase name="testPopulateReceiver" classname="com.mcclain.service.SecretSantaServiceTest" time="0.006"/>
  <testcase name="testGenerateReceiver" classname="com.mcclain.service.SecretSantaServiceTest" time="0.001"/>
  <testcase name="testGetSecretSantaList" classname="com.mcclain.service.SecretSantaServiceTest" time="0.033"/>
  <testcase name="testPopulateReceiver2" classname="com.mcclain.service.SecretSantaServiceTest" time="0.01"/>
  <testcase name="testFilterReceiverTrue1" classname="com.mcclain.service.SecretSantaServiceTest" time="0.003"/>
  <testcase name="testFilterReceiverTrue2" classname="com.mcclain.service.SecretSantaServiceTest" time="0.002"/>
  <testcase name="testEvaluateExclusionTrue" classname="com.mcclain.service.SecretSantaServiceTest" time="0.001"/>
  <testcase name="testGetObjectValue" classname="com.mcclain.service.SecretSantaServiceTest" time="0.003"/>
  <testcase name="testEvaluateExclusionFalse" classname="com.mcclain.service.SecretSantaServiceTest" time="0.001"/>
  <system-out><![CDATA[Joe Doe
has
Jane Howard
Jane Howard
has
Joe Doe
William Howard
has
Hilda Doe
Hilda Doe
has
William Howard
Hilda Doe
has
Jane Howard
Joe Doe
has
William Doe
William Doe
has
Hilda Doe
Jane Howard
has
Joe Doe
]]></system-out>
  <system-err><![CDATA[]]></system-err>
</testsuite>
